<?xml version="1.0" encoding="UTF-8"?>
<testsuite xmlns:xsi="http://www.w3.org/2001/XMLSchema-instance" xsi:noNamespaceSchemaLocation="https://maven.apache.org/surefire/maven-surefire-plugin/xsd/surefire-test-report-3.0.xsd" version="3.0" name="com.calculator.CalculatorControllerTest" time="0.233" tests="2" errors="0" skipped="0" failures="0">
  <properties>
[...]
</properties>
  <testcase name="testCalculateEndpoint" classname="com.calculator.CalculatorControllerTest" time="0.065">
    <system-out><![CDATA[
  .   ____          _            __ _ _
 /\\ / ___'_ __ _ _(_)_ __  __ _ \ \ \ \
( ( )\___ | '_ | '_| | '_ \/ _` | \ \ \ \
 \\/  ___)| |_)| | | | | || (_| |  ) ) ) )
  '  |____| .__|_| |_|_| |_\__, | / / / /
 =========|_|==============|___/=/_/_/_/

 :: Spring Boot ::                (v3.3.3)

2025-04-13T14:35:27.223-07:00  INFO 45597 --- [flexibleCalculator] [           main] c.calculator.CalculatorControllerTest    : Starting CalculatorControllerTest using Java 23.0.2 with PID 45597 (started by lolita in /Users/lolita/Documents/lolitaDoc/2023/tcr/vendor/ebayApr25/FlexibleCalculatorProject)
2025-04-13T14:35:27.223-07:00  INFO 45597 --- [flexibleCalculator] [           main] c.calculator.CalculatorControllerTest    : No active profile set, falling back to 1 default profile: "default"
2025-04-13T14:35:27.350-07:00  INFO 45597 --- [flexibleCalculator] [           main] o.s.b.t.m.w.SpringBootMockServletContext : Initializing Spring TestDispatcherServlet ''
2025-04-13T14:35:27.351-07:00  INFO 45597 --- [flexibleCalculator] [           main] o.s.t.web.servlet.TestDispatcherServlet  : Initializing Servlet ''
2025-04-13T14:35:27.351-07:00  INFO 45597 --- [flexibleCalculator] [           main] o.s.t.web.servlet.TestDispatcherServlet  : Completed initialization in 0 ms
2025-04-13T14:35:27.356-07:00  INFO 45597 --- [flexibleCalculator] [           main] c.calculator.CalculatorControllerTest    : Started CalculatorControllerTest in 0.144 seconds (process running for 1.35)
]]></system-out>
  </testcase>
  <testcase name="testChainCalculateEndpoint" classname="com.calculator.CalculatorControllerTest" time="0.009"/>
</testsuite>